mktextfm pplr7t
mktextfm pplr7t
mktextfm pplr7t
mktextfm pplr7t
mktextfm pplr7t
mktextfm pplb7t
mktextfm nullfont
mktextfm pplri7t
mktextfm pplbi7t
mktextfm nullfont
mktextfm pplr7t
mktextfm pplb7t
mktextfm nullfont
mktextfm pplri7t
mktextfm pplbi7t
mktextfm nullfont
mktextfm pplr7t
mktextfm pplb7t
mktextfm nullfont
mktextfm pplri7t
mktextfm pplbi7t
mktextfm nullfont
mktextfm pplb7t
mktextfm nullfont
mktextfm pplri7t
mktextfm pplbi7t
mktextfm nullfont
mktextfm pplb7t
mktextfm nullfont
mktextfm pplri7t
mktextfm pplbi7t
mktextfm nullfont
mktextfm pplr7t
mktextfm pplb7t
mktextfm nullfont
mktextfm pplri7t
mktextfm pplbi7t
mktextfm nullfont
mktextfm pplr7t
mktextfm pplb7t
mktextfm nullfont
mktextfm pplri7t
mktextfm pplbi7t
mktextfm nullfont
mktextfm pplr7t
mktextfm pplb7t
mktextfm nullfont
mktextfm pplri7t
mktextfm pplbi7t
mktextfm nullfont
mktextfm pplr7t
mktextfm pplb7t
mktextfm nullfont
mktextfm pplri7t
mktextfm pplbi7t
mktextfm nullfont
mktextfm pplr7t
mktextfm pplb7t
mktextfm nullfont
mktextfm pplri7t
mktextfm pplbi7t
mktextfm nullfont
mktextfm phvr7t
mktextfm phvr7t
mktextfm phvr7t
mktextfm phvr7t
mktextfm pzdr
mktextfm phvr7t
mktextfm phvb7t
mktextfm nullfont
mktextfm phvb7t
mktextfm nullfont
mktextfm phvbc7t
mktextfm nullfont
mktextfm phvr7t
mktextfm phvb7t
mktextfm nullfont
