\BOOKMARK [1][-]{section.1}{Vision System Options - Cierra}{}% 1
\BOOKMARK [2][-]{subsection.1.1}{Stereo Vision}{section.1}% 2
\BOOKMARK [2][-]{subsection.1.2}{IR Camera's such as Kinect and RealSense}{section.1}% 3
\BOOKMARK [2][-]{subsection.1.3}{Lidar}{section.1}% 4
\BOOKMARK [2][-]{subsection.1.4}{Our choice}{section.1}% 5
\BOOKMARK [1][-]{section.2}{Sensors - Cierra}{}% 6
\BOOKMARK [2][-]{subsection.2.1}{GPS - External}{section.2}% 7
\BOOKMARK [2][-]{subsection.2.2}{GPS - PXFmini}{section.2}% 8
\BOOKMARK [2][-]{subsection.2.3}{Internal Measurement Unit \(IMU\) - External}{section.2}% 9
\BOOKMARK [2][-]{subsection.2.4}{IMU - PXFmini}{section.2}% 10
\BOOKMARK [1][-]{section.3}{System Control and Synchronization - Cierra}{}% 11
\BOOKMARK [2][-]{subsection.3.1}{Intel NUC}{section.3}% 12
\BOOKMARK [2][-]{subsection.3.2}{Intel UPboard}{section.3}% 13
\BOOKMARK [2][-]{subsection.3.3}{Raspberry Pi 3}{section.3}% 14
\BOOKMARK [1][-]{section.4}{Image Analysis Software - Dan}{}% 15
\BOOKMARK [2][-]{subsection.4.1}{DroneKit-Python}{section.4}% 16
\BOOKMARK [2][-]{subsection.4.2}{ArduPilot}{section.4}% 17
\BOOKMARK [2][-]{subsection.4.3}{Image analysis choice}{section.4}% 18
\BOOKMARK [1][-]{section.5}{Telemetry Radio Communication - Dan}{}% 19
\BOOKMARK [2][-]{subsection.5.1}{3DR 915 MHz Transceiver}{section.5}% 20
\BOOKMARK [2][-]{subsection.5.2}{RFD900 Radio Modem}{section.5}% 21
\BOOKMARK [2][-]{subsection.5.3}{Openpilot OPLink Mini Ground and Air Station 433 MHz}{section.5}% 22
\BOOKMARK [2][-]{subsection.5.4}{Telemetry radio choice}{section.5}% 23
\BOOKMARK [1][-]{section.6}{User Interface - Dan}{}% 24
\BOOKMARK [2][-]{subsection.6.1}{QGroundControl}{section.6}% 25
\BOOKMARK [2][-]{subsection.6.2}{DroneKit-Android}{section.6}% 26
\BOOKMARK [2][-]{subsection.6.3}{LibrePilot}{section.6}% 27
\BOOKMARK [2][-]{subsection.6.4}{User interface choice}{section.6}% 28
\BOOKMARK [1][-]{section.7}{Control System - Tao}{}% 29
\BOOKMARK [2][-]{subsection.7.1}{Motor Control}{section.7}% 30
\BOOKMARK [2][-]{subsection.7.2}{Servo Control}{section.7}% 31
\BOOKMARK [2][-]{subsection.7.3}{Probabilistic Analysis for Motion}{section.7}% 32
\BOOKMARK [2][-]{subsection.7.4}{Motion Model}{section.7}% 33
\BOOKMARK [1][-]{section.8}{Path Planning - Tao}{}% 34
\BOOKMARK [2][-]{subsection.8.1}{Global Path Planning}{section.8}% 35
\BOOKMARK [2][-]{subsection.8.2}{Local Path Planing}{section.8}% 36
\BOOKMARK [1][-]{section.9}{Other Algorithms - Tao}{}% 37
\BOOKMARK [2][-]{subsection.9.1}{Obstacle Avoidance Algorithm}{section.9}% 38
\BOOKMARK [2][-]{subsection.9.2}{Parallel Parking Algorithm}{section.9}% 39
